[debug] [2023-01-27T10:04:12.692Z] ----------------------------------------------------------------------
[debug] [2023-01-27T10:04:12.694Z] Command:       C:\Program Files (x86)\nodejs\node.exe C:\Users\tehku\AppData\Roaming\npm\node_modules\firebase-tools\lib\bin\firebase.js serve
[debug] [2023-01-27T10:04:12.694Z] CLI Version:   11.21.0
[debug] [2023-01-27T10:04:12.695Z] Platform:      win32
[debug] [2023-01-27T10:04:12.695Z] Node Version:  v16.17.0
[debug] [2023-01-27T10:04:12.696Z] Time:          Fri Jan 27 2023 15:34:12 GMT+0530 (India Standard Time)
[debug] [2023-01-27T10:04:12.696Z] ----------------------------------------------------------------------
[debug] 
[debug] [2023-01-27T10:04:12.782Z] > command requires scopes: ["email","openid","https://www.googleapis.com/auth/cloudplatformprojects.readonly","https://www.googleapis.com/auth/firebase","https://www.googleapis.com/auth/cloud-platform"]
[debug] [2023-01-27T10:04:12.782Z] > authorizing via signed-in user (tkhm1310@gmail.com)
[debug] [2023-01-27T10:04:12.782Z] [iam] checking project gradumiles for permissions ["firebase.projects.get"]
[debug] [2023-01-27T10:04:12.784Z] >>> [apiv2][query] POST https://cloudresourcemanager.googleapis.com/v1/projects/gradumiles:testIamPermissions [none]
[debug] [2023-01-27T10:04:12.784Z] >>> [apiv2][(partial)header] POST https://cloudresourcemanager.googleapis.com/v1/projects/gradumiles:testIamPermissions x-goog-quota-user=projects/gradumiles
[debug] [2023-01-27T10:04:12.784Z] >>> [apiv2][body] POST https://cloudresourcemanager.googleapis.com/v1/projects/gradumiles:testIamPermissions {"permissions":["firebase.projects.get"]}
[debug] [2023-01-27T10:04:25.474Z] [iam] error while checking permissions, command may fail: FirebaseError: Failed to make request to https://cloudresourcemanager.googleapis.com/v1/projects/gradumiles:testIamPermissions
[debug] [2023-01-27T10:04:25.476Z] >>> [apiv2][query] GET https://firebase.googleapis.com/v1beta1/projects/gradumiles [none]
[debug] [2023-01-27T10:04:42.512Z] Failed to make request to https://firebase.googleapis.com/v1beta1/projects/gradumiles
[debug] [2023-01-27T10:04:47.520Z] Error: Timed out.
    at Timeout._onTimeout (C:\Users\tehku\AppData\Roaming\npm\node_modules\firebase-tools\lib\utils.js:253:49)
    at listOnTimeout (node:internal/timers:559:17)
    at processTimers (node:internal/timers:502:7)
[error] 
[error] Error: An unexpected error has occurred.
